<?xml version="1.0" encoding="UTF-8" ?>
<testsuite tests="4" failures="0" name="unittests.EstoqueTest" time="0.008" errors="0" skipped="0">
  <properties>
[...]
</properties>
  <testcase classname="unittests.EstoqueTest" name="unittests.EstoqueTest.testRemoverProduto" time="0.006"/>
  <testcase classname="unittests.EstoqueTest" name="unittests.EstoqueTest.testListarProdutos" time="0.001"/>
  <testcase classname="unittests.EstoqueTest" name="unittests.EstoqueTest.testAdicionarProduto" time="0.001"/>
  <testcase classname="unittests.EstoqueTest" name="unittests.EstoqueTest.testGetQuantidadeProduto" time="0"/>
</testsuite>